<?xml version="1.0" encoding="UTF-8"?>
<testsuites name="Laptop Shopping" time="119.026" tests="3" failures="0" errors="0">
   <testsuite name="Laptop Shopping" tests="3" failures="0" errors="0" time="119.026" skipped="0" timestamp="2023-09-26 23:45:30" hostname="ASUS - LAPTOP-1KOV8VAE" id="Test Suites/Laptop Shopping">
      <properties>
         <property name="deviceName" value=""/>
         <property name="devicePlatform" value=""/>
         <property name="logFolder" value="C:\\Users\\ASUS\\git\\sanbercode-katalon-andhinyfatikha-1\\Reports\\20230926_234520\\Laptop Shopping\\20230926_234521"/>
         <property name="logFiles" value="C:\\Users\\ASUS\\git\\sanbercode-katalon-andhinyfatikha-1\\Reports\\20230926_234520\\Laptop Shopping\\20230926_234521\\execution0.log"/>
         <property name="attachments" value="C:\\Users\\ASUS\\git\\sanbercode-katalon-andhinyfatikha-1\\Reports\\20230926_234520\\Laptop Shopping\\20230926_234521\\1695746776306.png, C:\\Users\\ASUS\\git\\sanbercode-katalon-andhinyfatikha-1\\Reports\\20230926_234520\\Laptop Shopping\\20230926_234521\\1695746789382.png, C:\\Users\\ASUS\\git\\sanbercode-katalon-andhinyfatikha-1\\Reports\\20230926_234520\\Laptop Shopping\\20230926_234521\\1695746801985.png, C:\\Users\\ASUS\\git\\sanbercode-katalon-andhinyfatikha-1\\Reports\\20230926_234520\\Laptop Shopping\\20230926_234521\\1695746814845.png, C:\\Users\\ASUS\\git\\sanbercode-katalon-andhinyfatikha-1\\Reports\\20230926_234520\\Laptop Shopping\\20230926_234521\\1695746828328.png"/>
         <property name="hostName" value="ASUS - LAPTOP-1KOV8VAE"/>
         <property name="os" value="Windows 10 64bit"/>
         <property name="katalonVersion" value="8.6.5.208"/>
         <property name="browser" value="Chrome 116.0.0.0"/>
         <property name="hostAddress" value="192.168.10.176"/>
         <property name="sessionId" value="c545f4037d3869f8df4bd394664cb783"/>
         <property name="seleniumVersion" value="3.141.59"/>
         <property name="proxyInformation" value="ProxyInformation { proxyOption=NO_PROXY, proxyServerType=HTTP, username=, password=********, proxyServerAddress=, proxyServerPort=0, executionList=&quot;&quot;, isApplyToDesiredCapabilities=true }"/>
         <property name="platform" value="Windows 10"/>
      </properties>
      <testcase name="Test Cases/02 - Login/01 - Normal Login" time="14.938" classname="Test Cases/02 - Login/01 - Normal Login" status="PASSED">
         <system-out><![CDATA[2023-09-26 23:45:30 - [TEST_CASE][PASSED] - Test Cases/02 - Login/01 - Normal Login: Test Cases/02 - Login/01 - Normal Login

2023-09-26 23:45:31 - [TEST_STEP][PASSED] - openBrowser(""): Browser is opened with url: ''

2023-09-26 23:45:31 - [MESSAGE][INFO] - Starting 'Chrome' driver

2023-09-26 23:45:31 - [MESSAGE][INFO] - Action delay is set to 0 milliseconds

2023-09-26 23:45:34 - [MESSAGE][PASSED] - Browser is opened with url: ''

2023-09-26 23:45:34 - [TEST_STEP][PASSED] - navigateToUrl(demoBlazeURL): Navigate to 'https://demoblaze.com/' successfully

2023-09-26 23:45:36 - [MESSAGE][PASSED] - Navigate to 'https://demoblaze.com/' successfully

2023-09-26 23:45:36 - [TEST_STEP][PASSED] - click(findTestObject("Login/a_Login")): Object: 'Object Repository/Login/a_Login' is clicked on

2023-09-26 23:45:38 - [MESSAGE][PASSED] - Object: 'Object Repository/Login/a_Login' is clicked on

2023-09-26 23:45:38 - [TEST_STEP][PASSED] - setText(findTestObject("Login/input_loginUsername"), username): Text 'miyako' is set on object 'Object Repository/Login/input_loginUsername'

2023-09-26 23:45:39 - [MESSAGE][PASSED] - Text 'miyako' is set on object 'Object Repository/Login/input_loginUsername'

2023-09-26 23:45:39 - [TEST_STEP][PASSED] - setText(findTestObject("Login/input_loginPassword"), password): Text 'Test123!' is set on object 'Object Repository/Login/input_loginPassword'

2023-09-26 23:45:40 - [MESSAGE][PASSED] - Text 'Test123!' is set on object 'Object Repository/Login/input_loginPassword'

2023-09-26 23:45:40 - [TEST_STEP][PASSED] - click(findTestObject("Login/button_Login")): Object: 'Object Repository/Login/button_Login' is clicked on

2023-09-26 23:45:41 - [MESSAGE][PASSED] - Object: 'Object Repository/Login/button_Login' is clicked on

2023-09-26 23:45:41 - [TEST_STEP][PASSED] - verifyElementVisible(findTestObject("Login/a_Name of User"), STOP_ON_FAILURE): Object 'Object Repository/Login/a_Name of User' is visible

2023-09-26 23:45:45 - [MESSAGE][PASSED] - Object 'Object Repository/Login/a_Name of User' is visible]]></system-out>
         <system-err><![CDATA[]]></system-err>
      </testcase>
      <testcase name="Test Cases/03 - Shopping/02 - Normal Laptop Shopping" time="89.361" classname="Test Cases/03 - Shopping/02 - Normal Laptop Shopping" status="PASSED">
         <system-out><![CDATA[2023-09-26 23:45:45 - [TEST_CASE][PASSED] - Test Cases/03 - Shopping/02 - Normal Laptop Shopping: Test Cases/03 - Shopping/02 - Normal Laptop Shopping

2023-09-26 23:45:46 - [TEST_STEP][PASSED] - callTestCase(findTestCase("02 - Login/01 - Normal Login"), [:], STOP_ON_FAILURE): Call Test Case 'Test Cases/02 - Login/01 - Normal Login' successfully

2023-09-26 23:45:46 - [TEST_CASE][PASSED] - Test Cases/02 - Login/01 - Normal Login: Test Cases/02 - Login/01 - Normal Login

2023-09-26 23:45:46 - [TEST_STEP][PASSED] - openBrowser(""): Browser is opened with url: ''

2023-09-26 23:45:46 - [MESSAGE][WARNING] - A browser is already opened. Closing browser and opening a new one

2023-09-26 23:45:47 - [MESSAGE][INFO] - Starting 'Chrome' driver

2023-09-26 23:45:47 - [MESSAGE][INFO] - Action delay is set to 0 milliseconds

2023-09-26 23:45:48 - [MESSAGE][PASSED] - Browser is opened with url: ''

2023-09-26 23:45:48 - [TEST_STEP][PASSED] - navigateToUrl(demoBlazeURL): Navigate to 'https://demoblaze.com/' successfully

2023-09-26 23:45:50 - [MESSAGE][PASSED] - Navigate to 'https://demoblaze.com/' successfully

2023-09-26 23:45:50 - [TEST_STEP][PASSED] - click(findTestObject("Login/a_Login")): Object: 'Object Repository/Login/a_Login' is clicked on

2023-09-26 23:45:51 - [MESSAGE][PASSED] - Object: 'Object Repository/Login/a_Login' is clicked on

2023-09-26 23:45:51 - [TEST_STEP][PASSED] - setText(findTestObject("Login/input_loginUsername"), username): Text 'miyako' is set on object 'Object Repository/Login/input_loginUsername'

2023-09-26 23:45:52 - [MESSAGE][PASSED] - Text 'miyako' is set on object 'Object Repository/Login/input_loginUsername'

2023-09-26 23:45:52 - [TEST_STEP][PASSED] - setText(findTestObject("Login/input_loginPassword"), password): Text 'Test123!' is set on object 'Object Repository/Login/input_loginPassword'

2023-09-26 23:45:53 - [MESSAGE][PASSED] - Text 'Test123!' is set on object 'Object Repository/Login/input_loginPassword'

2023-09-26 23:45:53 - [TEST_STEP][PASSED] - click(findTestObject("Login/button_Login")): Object: 'Object Repository/Login/button_Login' is clicked on

2023-09-26 23:45:54 - [MESSAGE][PASSED] - Object: 'Object Repository/Login/button_Login' is clicked on

2023-09-26 23:45:54 - [TEST_STEP][PASSED] - verifyElementVisible(findTestObject("Login/a_Name of User"), STOP_ON_FAILURE): Object 'Object Repository/Login/a_Name of User' is visible

2023-09-26 23:45:56 - [MESSAGE][PASSED] - Object 'Object Repository/Login/a_Name of User' is visible

2023-09-26 23:45:56 - [MESSAGE][PASSED] - Call Test Case 'Test Cases/02 - Login/01 - Normal Login' successfully

2023-09-26 23:45:56 - [TEST_STEP][PASSED] - data = findTestData("Data Files/Shopping/Laptop Product"): null

2023-09-26 23:45:57 - [TEST_STEP][PASSED] - scrollToPosition(0, 400): Browser is scrolled to position x = 0, y = 400

2023-09-26 23:45:57 - [MESSAGE][PASSED] - Browser is scrolled to position x = 0, y = 400

2023-09-26 23:45:57 - [TEST_STEP][PASSED] - click(findTestObject("Shopping/category_Laptops")): Object: 'Object Repository/Shopping/category_Laptops' is clicked on

2023-09-26 23:45:57 - [MESSAGE][PASSED] - Object: 'Object Repository/Shopping/category_Laptops' is clicked on

2023-09-26 23:45:57 - [TEST_STEP][PASSED] - for ([i = 1, i <= data.getRowNumbers(), (i++)]): Object: 'Object Repository/Shopping/a_Product Store' is clicked on

2023-09-26 23:45:57 - [TEST_STEP][PASSED] - laptopProduct = data.getValue("laptop_product", i): null

2023-09-26 23:45:57 - [TEST_STEP][PASSED] - foundProduct = false: null

2023-09-26 23:45:57 - [TEST_STEP][PASSED] - desiredProductFirstPage = verifyElementPresent(findTestObject("Shopping/select_product", ["product":laptopProduct]), 5, OPTIONAL): Object 'Object Repository/Shopping/select_product' is present

2023-09-26 23:45:59 - [MESSAGE][PASSED] - Object 'Object Repository/Shopping/select_product' is present

2023-09-26 23:45:59 - [TEST_STEP][PASSED] - if (desiredProductFirstPage != null): null

2023-09-26 23:45:59 - [TEST_STEP][PASSED] - click(findTestObject("Shopping/category_Laptops")): Object: 'Object Repository/Shopping/category_Laptops' is clicked on

2023-09-26 23:45:59 - [MESSAGE][PASSED] - Object: 'Object Repository/Shopping/category_Laptops' is clicked on

2023-09-26 23:45:59 - [TEST_STEP][PASSED] - click(findTestObject("Shopping/select_product", ["product":laptopProduct])): Object: 'Object Repository/Shopping/select_product' is clicked on

2023-09-26 23:46:01 - [MESSAGE][PASSED] - Object: 'Object Repository/Shopping/select_product' is clicked on

2023-09-26 23:46:01 - [TEST_STEP][PASSED] - foundProduct = true: null

2023-09-26 23:46:01 - [TEST_STEP][PASSED] - if (foundProduct): Object: 'Object Repository/Shopping/a_Product Store' is clicked on

2023-09-26 23:46:01 - [TEST_STEP][PASSED] - click(findTestObject("Shopping/a_Add to cart")): Object: 'Object Repository/Shopping/a_Add to cart' is clicked on

2023-09-26 23:46:03 - [MESSAGE][PASSED] - Object: 'Object Repository/Shopping/a_Add to cart' is clicked on

2023-09-26 23:46:03 - [TEST_STEP][PASSED] - click(findTestObject("Shopping/a_Product Store")): Object: 'Object Repository/Shopping/a_Product Store' is clicked on

2023-09-26 23:46:04 - [MESSAGE][PASSED] - Object: 'Object Repository/Shopping/a_Product Store' is clicked on

2023-09-26 23:46:04 - [TEST_STEP][PASSED] - laptopProduct = data.getValue("laptop_product", i): null

2023-09-26 23:46:04 - [TEST_STEP][PASSED] - foundProduct = false: null

2023-09-26 23:46:04 - [TEST_STEP][PASSED] - desiredProductFirstPage = verifyElementPresent(findTestObject("Shopping/select_product", ["product":laptopProduct]), 5, OPTIONAL): Object 'Object Repository/Shopping/select_product' is present

2023-09-26 23:46:05 - [MESSAGE][PASSED] - Object 'Object Repository/Shopping/select_product' is present

2023-09-26 23:46:05 - [TEST_STEP][PASSED] - if (desiredProductFirstPage != null): null

2023-09-26 23:46:05 - [TEST_STEP][PASSED] - click(findTestObject("Shopping/category_Laptops")): Object: 'Object Repository/Shopping/category_Laptops' is clicked on

2023-09-26 23:46:06 - [MESSAGE][PASSED] - Object: 'Object Repository/Shopping/category_Laptops' is clicked on

2023-09-26 23:46:06 - [TEST_STEP][PASSED] - click(findTestObject("Shopping/select_product", ["product":laptopProduct])): Object: 'Object Repository/Shopping/select_product' is clicked on

2023-09-26 23:46:07 - [MESSAGE][PASSED] - Object: 'Object Repository/Shopping/select_product' is clicked on

2023-09-26 23:46:07 - [TEST_STEP][PASSED] - foundProduct = true: null

2023-09-26 23:46:07 - [TEST_STEP][PASSED] - if (foundProduct): Object: 'Object Repository/Shopping/a_Product Store' is clicked on

2023-09-26 23:46:07 - [TEST_STEP][PASSED] - click(findTestObject("Shopping/a_Add to cart")): Object: 'Object Repository/Shopping/a_Add to cart' is clicked on

2023-09-26 23:46:09 - [MESSAGE][PASSED] - Object: 'Object Repository/Shopping/a_Add to cart' is clicked on

2023-09-26 23:46:09 - [TEST_STEP][PASSED] - click(findTestObject("Shopping/a_Product Store")): Object: 'Object Repository/Shopping/a_Product Store' is clicked on

2023-09-26 23:46:10 - [MESSAGE][PASSED] - Object: 'Object Repository/Shopping/a_Product Store' is clicked on

2023-09-26 23:46:10 - [TEST_STEP][PASSED] - laptopProduct = data.getValue("laptop_product", i): null

2023-09-26 23:46:10 - [TEST_STEP][PASSED] - foundProduct = false: null

2023-09-26 23:46:10 - [TEST_STEP][PASSED] - desiredProductFirstPage = verifyElementPresent(findTestObject("Shopping/select_product", ["product":laptopProduct]), 5, OPTIONAL): com.kms.katalon.core.webui.exception.WebElementNotFoundException: Web element with id: 'Object Repository/Shopping/select_product' located by '//a[(contains(text(), 'MacBook air') or contains(., 'MacBook air'))]' not found (Root cause: com.kms.katalon.core.exception.StepFailedException: com.kms.katalon.core.webui.exception.WebElementNotFoundException: Web element with id: 'Object Repository/Shopping/select_product' located by '//a[(contains(text(), 'MacBook air') or contains(., 'MacBook air'))]' not found
	at com.kms.katalon.core.webui.keyword.internal.WebUIKeywordMain.stepFailed(WebUIKeywordMain.groovy:64)
	at com.kms.katalon.core.webui.keyword.builtin.VerifyElementPresentKeyword$_verifyElementPresent_closure1.doCall(VerifyElementPresentKeyword.groovy:85)
	at com.kms.katalon.core.webui.keyword.builtin.VerifyElementPresentKeyword$_verifyElementPresent_closure1.call(VerifyElementPresentKeyword.groovy)
	at com.kms.katalon.core.webui.keyword.internal.WebUIKeywordMain.runKeyword(WebUIKeywordMain.groovy:20)
	at com.kms.katalon.core.webui.keyword.builtin.VerifyElementPresentKeyword.verifyElementPresent(VerifyElementPresentKeyword.groovy:92)
	at com.kms.katalon.core.webui.keyword.builtin.VerifyElementPresentKeyword.execute(VerifyElementPresentKeyword.groovy:68)
	at com.kms.katalon.core.keyword.internal.KeywordExecutor.executeKeywordForPlatform(KeywordExecutor.groovy:74)
	at com.kms.katalon.core.webui.keyword.WebUiBuiltInKeywords.verifyElementPresent(WebUiBuiltInKeywords.groovy:1448)
	at com.kms.katalon.core.webui.keyword.WebUiBuiltInKeywords$verifyElementPresent$5.call(Unknown Source)
	at 02 - Normal Laptop Shopping.run(02 - Normal Laptop Shopping:37)
	at com.kms.katalon.core.main.ScriptEngine.run(ScriptEngine.java:194)
	at com.kms.katalon.core.main.ScriptEngine.runScriptAsRawText(ScriptEngine.java:119)
	at com.kms.katalon.core.main.TestCaseExecutor.runScript(TestCaseExecutor.java:448)
	at com.kms.katalon.core.main.TestCaseExecutor.doExecute(TestCaseExecutor.java:439)
	at com.kms.katalon.core.main.TestCaseExecutor.processExecutionPhase(TestCaseExecutor.java:418)
	at com.kms.katalon.core.main.TestCaseExecutor.accessMainPhase(TestCaseExecutor.java:410)
	at com.kms.katalon.core.main.TestCaseExecutor.execute(TestCaseExecutor.java:285)
	at com.kms.katalon.core.common.CommonExecutor.accessTestCaseMainPhase(CommonExecutor.java:65)
	at com.kms.katalon.core.main.TestSuiteExecutor.accessTestSuiteMainPhase(TestSuiteExecutor.java:148)
	at com.kms.katalon.core.main.TestSuiteExecutor.execute(TestSuiteExecutor.java:106)
	at com.kms.katalon.core.main.TestCaseMain.startTestSuite(TestCaseMain.java:187)
	at com.kms.katalon.core.main.TestCaseMain$startTestSuite$0.call(Unknown Source)
	at TempTestSuite1695746721194.run(TempTestSuite1695746721194.groovy:36)
)

2023-09-26 23:46:16 - [MESSAGE][INFO] - Unable to find the element located by 'By.xpath: //a[(contains(text(), 'MacBook air') or contains(., 'MacBook air'))]'. Please recheck the objects properties to make sure the desired element is located. 

2023-09-26 23:46:16 - [MESSAGE][WARNING] - com.kms.katalon.core.webui.exception.WebElementNotFoundException: Web element with id: 'Object Repository/Shopping/select_product' located by '//a[(contains(text(), 'MacBook air') or contains(., 'MacBook air'))]' not found (Root cause: com.kms.katalon.core.exception.StepFailedException: com.kms.katalon.core.webui.exception.WebElementNotFoundException: Web element with id: 'Object Repository/Shopping/select_product' located by '//a[(contains(text(), 'MacBook air') or contains(., 'MacBook air'))]' not found
	at com.kms.katalon.core.webui.keyword.internal.WebUIKeywordMain.stepFailed(WebUIKeywordMain.groovy:64)
	at com.kms.katalon.core.webui.keyword.builtin.VerifyElementPresentKeyword$_verifyElementPresent_closure1.doCall(VerifyElementPresentKeyword.groovy:85)
	at com.kms.katalon.core.webui.keyword.builtin.VerifyElementPresentKeyword$_verifyElementPresent_closure1.call(VerifyElementPresentKeyword.groovy)
	at com.kms.katalon.core.webui.keyword.internal.WebUIKeywordMain.runKeyword(WebUIKeywordMain.groovy:20)
	at com.kms.katalon.core.webui.keyword.builtin.VerifyElementPresentKeyword.verifyElementPresent(VerifyElementPresentKeyword.groovy:92)
	at com.kms.katalon.core.webui.keyword.builtin.VerifyElementPresentKeyword.execute(VerifyElementPresentKeyword.groovy:68)
	at com.kms.katalon.core.keyword.internal.KeywordExecutor.executeKeywordForPlatform(KeywordExecutor.groovy:74)
	at com.kms.katalon.core.webui.keyword.WebUiBuiltInKeywords.verifyElementPresent(WebUiBuiltInKeywords.groovy:1448)
	at com.kms.katalon.core.webui.keyword.WebUiBuiltInKeywords$verifyElementPresent$5.call(Unknown Source)
	at 02 - Normal Laptop Shopping.run(02 - Normal Laptop Shopping:37)
	at com.kms.katalon.core.main.ScriptEngine.run(ScriptEngine.java:194)
	at com.kms.katalon.core.main.ScriptEngine.runScriptAsRawText(ScriptEngine.java:119)
	at com.kms.katalon.core.main.TestCaseExecutor.runScript(TestCaseExecutor.java:448)
	at com.kms.katalon.core.main.TestCaseExecutor.doExecute(TestCaseExecutor.java:439)
	at com.kms.katalon.core.main.TestCaseExecutor.processExecutionPhase(TestCaseExecutor.java:418)
	at com.kms.katalon.core.main.TestCaseExecutor.accessMainPhase(TestCaseExecutor.java:410)
	at com.kms.katalon.core.main.TestCaseExecutor.execute(TestCaseExecutor.java:285)
	at com.kms.katalon.core.common.CommonExecutor.accessTestCaseMainPhase(CommonExecutor.java:65)
	at com.kms.katalon.core.main.TestSuiteExecutor.accessTestSuiteMainPhase(TestSuiteExecutor.java:148)
	at com.kms.katalon.core.main.TestSuiteExecutor.execute(TestSuiteExecutor.java:106)
	at com.kms.katalon.core.main.TestCaseMain.startTestSuite(TestCaseMain.java:187)
	at com.kms.katalon.core.main.TestCaseMain$startTestSuite$0.call(Unknown Source)
	at TempTestSuite1695746721194.run(TempTestSuite1695746721194.groovy:36)
)
[[ATTACHMENT|C:\\Users\\ASUS\\git\\sanbercode-katalon-andhinyfatikha-1\\Reports\\20230926_234520\\Laptop Shopping\\20230926_234521\\1695746776306.png]]

2023-09-26 23:46:16 - [TEST_STEP][PASSED] - if (desiredProductFirstPage != null): null

2023-09-26 23:46:16 - [TEST_STEP][PASSED] - click(findTestObject("Shopping/category_Laptops")): Object: 'Object Repository/Shopping/category_Laptops' is clicked on

2023-09-26 23:46:17 - [MESSAGE][PASSED] - Object: 'Object Repository/Shopping/category_Laptops' is clicked on

2023-09-26 23:46:17 - [TEST_STEP][PASSED] - click(findTestObject("Shopping/select_product", ["product":laptopProduct])): Object: 'Object Repository/Shopping/select_product' is clicked on

2023-09-26 23:46:19 - [MESSAGE][PASSED] - Object: 'Object Repository/Shopping/select_product' is clicked on

2023-09-26 23:46:19 - [TEST_STEP][PASSED] - foundProduct = true: null

2023-09-26 23:46:19 - [TEST_STEP][PASSED] - if (foundProduct): Object: 'Object Repository/Shopping/a_Product Store' is clicked on

2023-09-26 23:46:19 - [TEST_STEP][PASSED] - click(findTestObject("Shopping/a_Add to cart")): Object: 'Object Repository/Shopping/a_Add to cart' is clicked on

2023-09-26 23:46:20 - [MESSAGE][PASSED] - Object: 'Object Repository/Shopping/a_Add to cart' is clicked on

2023-09-26 23:46:20 - [TEST_STEP][PASSED] - click(findTestObject("Shopping/a_Product Store")): Object: 'Object Repository/Shopping/a_Product Store' is clicked on

2023-09-26 23:46:22 - [MESSAGE][PASSED] - Object: 'Object Repository/Shopping/a_Product Store' is clicked on

2023-09-26 23:46:22 - [TEST_STEP][PASSED] - laptopProduct = data.getValue("laptop_product", i): null

2023-09-26 23:46:22 - [TEST_STEP][PASSED] - foundProduct = false: null

2023-09-26 23:46:22 - [TEST_STEP][PASSED] - desiredProductFirstPage = verifyElementPresent(findTestObject("Shopping/select_product", ["product":laptopProduct]), 5, OPTIONAL): com.kms.katalon.core.webui.exception.WebElementNotFoundException: Web element with id: 'Object Repository/Shopping/select_product' located by '//a[(contains(text(), 'Dell i7 8gb') or contains(., 'Dell i7 8gb'))]' not found (Root cause: com.kms.katalon.core.exception.StepFailedException: com.kms.katalon.core.webui.exception.WebElementNotFoundException: Web element with id: 'Object Repository/Shopping/select_product' located by '//a[(contains(text(), 'Dell i7 8gb') or contains(., 'Dell i7 8gb'))]' not found
	at com.kms.katalon.core.webui.keyword.internal.WebUIKeywordMain.stepFailed(WebUIKeywordMain.groovy:64)
	at com.kms.katalon.core.webui.keyword.builtin.VerifyElementPresentKeyword$_verifyElementPresent_closure1.doCall(VerifyElementPresentKeyword.groovy:85)
	at com.kms.katalon.core.webui.keyword.builtin.VerifyElementPresentKeyword$_verifyElementPresent_closure1.call(VerifyElementPresentKeyword.groovy)
	at com.kms.katalon.core.webui.keyword.internal.WebUIKeywordMain.runKeyword(WebUIKeywordMain.groovy:20)
	at com.kms.katalon.core.webui.keyword.builtin.VerifyElementPresentKeyword.verifyElementPresent(VerifyElementPresentKeyword.groovy:92)
	at com.kms.katalon.core.webui.keyword.builtin.VerifyElementPresentKeyword.execute(VerifyElementPresentKeyword.groovy:68)
	at com.kms.katalon.core.keyword.internal.KeywordExecutor.executeKeywordForPlatform(KeywordExecutor.groovy:74)
	at com.kms.katalon.core.webui.keyword.WebUiBuiltInKeywords.verifyElementPresent(WebUiBuiltInKeywords.groovy:1448)
	at com.kms.katalon.core.webui.keyword.WebUiBuiltInKeywords$verifyElementPresent$5.call(Unknown Source)
	at 02 - Normal Laptop Shopping.run(02 - Normal Laptop Shopping:37)
	at com.kms.katalon.core.main.ScriptEngine.run(ScriptEngine.java:194)
	at com.kms.katalon.core.main.ScriptEngine.runScriptAsRawText(ScriptEngine.java:119)
	at com.kms.katalon.core.main.TestCaseExecutor.runScript(TestCaseExecutor.java:448)
	at com.kms.katalon.core.main.TestCaseExecutor.doExecute(TestCaseExecutor.java:439)
	at com.kms.katalon.core.main.TestCaseExecutor.processExecutionPhase(TestCaseExecutor.java:418)
	at com.kms.katalon.core.main.TestCaseExecutor.accessMainPhase(TestCaseExecutor.java:410)
	at com.kms.katalon.core.main.TestCaseExecutor.execute(TestCaseExecutor.java:285)
	at com.kms.katalon.core.common.CommonExecutor.accessTestCaseMainPhase(CommonExecutor.java:65)
	at com.kms.katalon.core.main.TestSuiteExecutor.accessTestSuiteMainPhase(TestSuiteExecutor.java:148)
	at com.kms.katalon.core.main.TestSuiteExecutor.execute(TestSuiteExecutor.java:106)
	at com.kms.katalon.core.main.TestCaseMain.startTestSuite(TestCaseMain.java:187)
	at com.kms.katalon.core.main.TestCaseMain$startTestSuite$0.call(Unknown Source)
	at TempTestSuite1695746721194.run(TempTestSuite1695746721194.groovy:36)
)

2023-09-26 23:46:29 - [MESSAGE][INFO] - Unable to find the element located by 'By.xpath: //a[(contains(text(), 'Dell i7 8gb') or contains(., 'Dell i7 8gb'))]'. Please recheck the objects properties to make sure the desired element is located. 

2023-09-26 23:46:29 - [MESSAGE][WARNING] - com.kms.katalon.core.webui.exception.WebElementNotFoundException: Web element with id: 'Object Repository/Shopping/select_product' located by '//a[(contains(text(), 'Dell i7 8gb') or contains(., 'Dell i7 8gb'))]' not found (Root cause: com.kms.katalon.core.exception.StepFailedException: com.kms.katalon.core.webui.exception.WebElementNotFoundException: Web element with id: 'Object Repository/Shopping/select_product' located by '//a[(contains(text(), 'Dell i7 8gb') or contains(., 'Dell i7 8gb'))]' not found
	at com.kms.katalon.core.webui.keyword.internal.WebUIKeywordMain.stepFailed(WebUIKeywordMain.groovy:64)
	at com.kms.katalon.core.webui.keyword.builtin.VerifyElementPresentKeyword$_verifyElementPresent_closure1.doCall(VerifyElementPresentKeyword.groovy:85)
	at com.kms.katalon.core.webui.keyword.builtin.VerifyElementPresentKeyword$_verifyElementPresent_closure1.call(VerifyElementPresentKeyword.groovy)
	at com.kms.katalon.core.webui.keyword.internal.WebUIKeywordMain.runKeyword(WebUIKeywordMain.groovy:20)
	at com.kms.katalon.core.webui.keyword.builtin.VerifyElementPresentKeyword.verifyElementPresent(VerifyElementPresentKeyword.groovy:92)
	at com.kms.katalon.core.webui.keyword.builtin.VerifyElementPresentKeyword.execute(VerifyElementPresentKeyword.groovy:68)
	at com.kms.katalon.core.keyword.internal.KeywordExecutor.executeKeywordForPlatform(KeywordExecutor.groovy:74)
	at com.kms.katalon.core.webui.keyword.WebUiBuiltInKeywords.verifyElementPresent(WebUiBuiltInKeywords.groovy:1448)
	at com.kms.katalon.core.webui.keyword.WebUiBuiltInKeywords$verifyElementPresent$5.call(Unknown Source)
	at 02 - Normal Laptop Shopping.run(02 - Normal Laptop Shopping:37)
	at com.kms.katalon.core.main.ScriptEngine.run(ScriptEngine.java:194)
	at com.kms.katalon.core.main.ScriptEngine.runScriptAsRawText(ScriptEngine.java:119)
	at com.kms.katalon.core.main.TestCaseExecutor.runScript(TestCaseExecutor.java:448)
	at com.kms.katalon.core.main.TestCaseExecutor.doExecute(TestCaseExecutor.java:439)
	at com.kms.katalon.core.main.TestCaseExecutor.processExecutionPhase(TestCaseExecutor.java:418)
	at com.kms.katalon.core.main.TestCaseExecutor.accessMainPhase(TestCaseExecutor.java:410)
	at com.kms.katalon.core.main.TestCaseExecutor.execute(TestCaseExecutor.java:285)
	at com.kms.katalon.core.common.CommonExecutor.accessTestCaseMainPhase(CommonExecutor.java:65)
	at com.kms.katalon.core.main.TestSuiteExecutor.accessTestSuiteMainPhase(TestSuiteExecutor.java:148)
	at com.kms.katalon.core.main.TestSuiteExecutor.execute(TestSuiteExecutor.java:106)
	at com.kms.katalon.core.main.TestCaseMain.startTestSuite(TestCaseMain.java:187)
	at com.kms.katalon.core.main.TestCaseMain$startTestSuite$0.call(Unknown Source)
	at TempTestSuite1695746721194.run(TempTestSuite1695746721194.groovy:36)
)
[[ATTACHMENT|C:\\Users\\ASUS\\git\\sanbercode-katalon-andhinyfatikha-1\\Reports\\20230926_234520\\Laptop Shopping\\20230926_234521\\1695746789382.png]]

2023-09-26 23:46:29 - [TEST_STEP][PASSED] - if (desiredProductFirstPage != null): null

2023-09-26 23:46:29 - [TEST_STEP][PASSED] - click(findTestObject("Shopping/category_Laptops")): Object: 'Object Repository/Shopping/category_Laptops' is clicked on

2023-09-26 23:46:30 - [MESSAGE][PASSED] - Object: 'Object Repository/Shopping/category_Laptops' is clicked on

2023-09-26 23:46:30 - [TEST_STEP][PASSED] - click(findTestObject("Shopping/select_product", ["product":laptopProduct])): Object: 'Object Repository/Shopping/select_product' is clicked on

2023-09-26 23:46:32 - [MESSAGE][PASSED] - Object: 'Object Repository/Shopping/select_product' is clicked on

2023-09-26 23:46:32 - [TEST_STEP][PASSED] - foundProduct = true: null

2023-09-26 23:46:32 - [TEST_STEP][PASSED] - if (foundProduct): Object: 'Object Repository/Shopping/a_Product Store' is clicked on

2023-09-26 23:46:32 - [TEST_STEP][PASSED] - click(findTestObject("Shopping/a_Add to cart")): Object: 'Object Repository/Shopping/a_Add to cart' is clicked on

2023-09-26 23:46:33 - [MESSAGE][PASSED] - Object: 'Object Repository/Shopping/a_Add to cart' is clicked on

2023-09-26 23:46:33 - [TEST_STEP][PASSED] - click(findTestObject("Shopping/a_Product Store")): Object: 'Object Repository/Shopping/a_Product Store' is clicked on

2023-09-26 23:46:35 - [MESSAGE][PASSED] - Object: 'Object Repository/Shopping/a_Product Store' is clicked on

2023-09-26 23:46:35 - [TEST_STEP][PASSED] - laptopProduct = data.getValue("laptop_product", i): null

2023-09-26 23:46:35 - [TEST_STEP][PASSED] - foundProduct = false: null

2023-09-26 23:46:35 - [TEST_STEP][PASSED] - desiredProductFirstPage = verifyElementPresent(findTestObject("Shopping/select_product", ["product":laptopProduct]), 5, OPTIONAL): com.kms.katalon.core.webui.exception.WebElementNotFoundException: Web element with id: 'Object Repository/Shopping/select_product' located by '//a[(contains(text(), '2017 Dell 15.6 Inch') or contains(., '2017 Dell 15.6 Inch'))]' not found (Root cause: com.kms.katalon.core.exception.StepFailedException: com.kms.katalon.core.webui.exception.WebElementNotFoundException: Web element with id: 'Object Repository/Shopping/select_product' located by '//a[(contains(text(), '2017 Dell 15.6 Inch') or contains(., '2017 Dell 15.6 Inch'))]' not found
	at com.kms.katalon.core.webui.keyword.internal.WebUIKeywordMain.stepFailed(WebUIKeywordMain.groovy:64)
	at com.kms.katalon.core.webui.keyword.builtin.VerifyElementPresentKeyword$_verifyElementPresent_closure1.doCall(VerifyElementPresentKeyword.groovy:85)
	at com.kms.katalon.core.webui.keyword.builtin.VerifyElementPresentKeyword$_verifyElementPresent_closure1.call(VerifyElementPresentKeyword.groovy)
	at com.kms.katalon.core.webui.keyword.internal.WebUIKeywordMain.runKeyword(WebUIKeywordMain.groovy:20)
	at com.kms.katalon.core.webui.keyword.builtin.VerifyElementPresentKeyword.verifyElementPresent(VerifyElementPresentKeyword.groovy:92)
	at com.kms.katalon.core.webui.keyword.builtin.VerifyElementPresentKeyword.execute(VerifyElementPresentKeyword.groovy:68)
	at com.kms.katalon.core.keyword.internal.KeywordExecutor.executeKeywordForPlatform(KeywordExecutor.groovy:74)
	at com.kms.katalon.core.webui.keyword.WebUiBuiltInKeywords.verifyElementPresent(WebUiBuiltInKeywords.groovy:1448)
	at com.kms.katalon.core.webui.keyword.WebUiBuiltInKeywords$verifyElementPresent$5.call(Unknown Source)
	at 02 - Normal Laptop Shopping.run(02 - Normal Laptop Shopping:37)
	at com.kms.katalon.core.main.ScriptEngine.run(ScriptEngine.java:194)
	at com.kms.katalon.core.main.ScriptEngine.runScriptAsRawText(ScriptEngine.java:119)
	at com.kms.katalon.core.main.TestCaseExecutor.runScript(TestCaseExecutor.java:448)
	at com.kms.katalon.core.main.TestCaseExecutor.doExecute(TestCaseExecutor.java:439)
	at com.kms.katalon.core.main.TestCaseExecutor.processExecutionPhase(TestCaseExecutor.java:418)
	at com.kms.katalon.core.main.TestCaseExecutor.accessMainPhase(TestCaseExecutor.java:410)
	at com.kms.katalon.core.main.TestCaseExecutor.execute(TestCaseExecutor.java:285)
	at com.kms.katalon.core.common.CommonExecutor.accessTestCaseMainPhase(CommonExecutor.java:65)
	at com.kms.katalon.core.main.TestSuiteExecutor.accessTestSuiteMainPhase(TestSuiteExecutor.java:148)
	at com.kms.katalon.core.main.TestSuiteExecutor.execute(TestSuiteExecutor.java:106)
	at com.kms.katalon.core.main.TestCaseMain.startTestSuite(TestCaseMain.java:187)
	at com.kms.katalon.core.main.TestCaseMain$startTestSuite$0.call(Unknown Source)
	at TempTestSuite1695746721194.run(TempTestSuite1695746721194.groovy:36)
)

2023-09-26 23:46:41 - [MESSAGE][INFO] - Unable to find the element located by 'By.xpath: //a[(contains(text(), '2017 Dell 15.6 Inch') or contains(., '2017 Dell 15.6 Inch'))]'. Please recheck the objects properties to make sure the desired element is located. 

2023-09-26 23:46:42 - [MESSAGE][WARNING] - com.kms.katalon.core.webui.exception.WebElementNotFoundException: Web element with id: 'Object Repository/Shopping/select_product' located by '//a[(contains(text(), '2017 Dell 15.6 Inch') or contains(., '2017 Dell 15.6 Inch'))]' not found (Root cause: com.kms.katalon.core.exception.StepFailedException: com.kms.katalon.core.webui.exception.WebElementNotFoundException: Web element with id: 'Object Repository/Shopping/select_product' located by '//a[(contains(text(), '2017 Dell 15.6 Inch') or contains(., '2017 Dell 15.6 Inch'))]' not found
	at com.kms.katalon.core.webui.keyword.internal.WebUIKeywordMain.stepFailed(WebUIKeywordMain.groovy:64)
	at com.kms.katalon.core.webui.keyword.builtin.VerifyElementPresentKeyword$_verifyElementPresent_closure1.doCall(VerifyElementPresentKeyword.groovy:85)
	at com.kms.katalon.core.webui.keyword.builtin.VerifyElementPresentKeyword$_verifyElementPresent_closure1.call(VerifyElementPresentKeyword.groovy)
	at com.kms.katalon.core.webui.keyword.internal.WebUIKeywordMain.runKeyword(WebUIKeywordMain.groovy:20)
	at com.kms.katalon.core.webui.keyword.builtin.VerifyElementPresentKeyword.verifyElementPresent(VerifyElementPresentKeyword.groovy:92)
	at com.kms.katalon.core.webui.keyword.builtin.VerifyElementPresentKeyword.execute(VerifyElementPresentKeyword.groovy:68)
	at com.kms.katalon.core.keyword.internal.KeywordExecutor.executeKeywordForPlatform(KeywordExecutor.groovy:74)
	at com.kms.katalon.core.webui.keyword.WebUiBuiltInKeywords.verifyElementPresent(WebUiBuiltInKeywords.groovy:1448)
	at com.kms.katalon.core.webui.keyword.WebUiBuiltInKeywords$verifyElementPresent$5.call(Unknown Source)
	at 02 - Normal Laptop Shopping.run(02 - Normal Laptop Shopping:37)
	at com.kms.katalon.core.main.ScriptEngine.run(ScriptEngine.java:194)
	at com.kms.katalon.core.main.ScriptEngine.runScriptAsRawText(ScriptEngine.java:119)
	at com.kms.katalon.core.main.TestCaseExecutor.runScript(TestCaseExecutor.java:448)
	at com.kms.katalon.core.main.TestCaseExecutor.doExecute(TestCaseExecutor.java:439)
	at com.kms.katalon.core.main.TestCaseExecutor.processExecutionPhase(TestCaseExecutor.java:418)
	at com.kms.katalon.core.main.TestCaseExecutor.accessMainPhase(TestCaseExecutor.java:410)
	at com.kms.katalon.core.main.TestCaseExecutor.execute(TestCaseExecutor.java:285)
	at com.kms.katalon.core.common.CommonExecutor.accessTestCaseMainPhase(CommonExecutor.java:65)
	at com.kms.katalon.core.main.TestSuiteExecutor.accessTestSuiteMainPhase(TestSuiteExecutor.java:148)
	at com.kms.katalon.core.main.TestSuiteExecutor.execute(TestSuiteExecutor.java:106)
	at com.kms.katalon.core.main.TestCaseMain.startTestSuite(TestCaseMain.java:187)
	at com.kms.katalon.core.main.TestCaseMain$startTestSuite$0.call(Unknown Source)
	at TempTestSuite1695746721194.run(TempTestSuite1695746721194.groovy:36)
)
[[ATTACHMENT|C:\\Users\\ASUS\\git\\sanbercode-katalon-andhinyfatikha-1\\Reports\\20230926_234520\\Laptop Shopping\\20230926_234521\\1695746801985.png]]

2023-09-26 23:46:42 - [TEST_STEP][PASSED] - if (desiredProductFirstPage != null): null

2023-09-26 23:46:42 - [TEST_STEP][PASSED] - click(findTestObject("Shopping/category_Laptops")): Object: 'Object Repository/Shopping/category_Laptops' is clicked on

2023-09-26 23:46:42 - [MESSAGE][PASSED] - Object: 'Object Repository/Shopping/category_Laptops' is clicked on

2023-09-26 23:46:42 - [TEST_STEP][PASSED] - click(findTestObject("Shopping/select_product", ["product":laptopProduct])): Object: 'Object Repository/Shopping/select_product' is clicked on

2023-09-26 23:46:44 - [MESSAGE][PASSED] - Object: 'Object Repository/Shopping/select_product' is clicked on

2023-09-26 23:46:44 - [TEST_STEP][PASSED] - foundProduct = true: null

2023-09-26 23:46:44 - [TEST_STEP][PASSED] - if (foundProduct): Object: 'Object Repository/Shopping/a_Product Store' is clicked on

2023-09-26 23:46:44 - [TEST_STEP][PASSED] - click(findTestObject("Shopping/a_Add to cart")): Object: 'Object Repository/Shopping/a_Add to cart' is clicked on

2023-09-26 23:46:46 - [MESSAGE][PASSED] - Object: 'Object Repository/Shopping/a_Add to cart' is clicked on

2023-09-26 23:46:46 - [TEST_STEP][PASSED] - click(findTestObject("Shopping/a_Product Store")): Object: 'Object Repository/Shopping/a_Product Store' is clicked on

2023-09-26 23:46:48 - [MESSAGE][PASSED] - Object: 'Object Repository/Shopping/a_Product Store' is clicked on

2023-09-26 23:46:48 - [TEST_STEP][PASSED] - laptopProduct = data.getValue("laptop_product", i): null

2023-09-26 23:46:48 - [TEST_STEP][PASSED] - foundProduct = false: null

2023-09-26 23:46:48 - [TEST_STEP][PASSED] - desiredProductFirstPage = verifyElementPresent(findTestObject("Shopping/select_product", ["product":laptopProduct]), 5, OPTIONAL): com.kms.katalon.core.webui.exception.WebElementNotFoundException: Web element with id: 'Object Repository/Shopping/select_product' located by '//a[(contains(text(), 'MacBook Pro') or contains(., 'MacBook Pro'))]' not found (Root cause: com.kms.katalon.core.exception.StepFailedException: com.kms.katalon.core.webui.exception.WebElementNotFoundException: Web element with id: 'Object Repository/Shopping/select_product' located by '//a[(contains(text(), 'MacBook Pro') or contains(., 'MacBook Pro'))]' not found
	at com.kms.katalon.core.webui.keyword.internal.WebUIKeywordMain.stepFailed(WebUIKeywordMain.groovy:64)
	at com.kms.katalon.core.webui.keyword.builtin.VerifyElementPresentKeyword$_verifyElementPresent_closure1.doCall(VerifyElementPresentKeyword.groovy:85)
	at com.kms.katalon.core.webui.keyword.builtin.VerifyElementPresentKeyword$_verifyElementPresent_closure1.call(VerifyElementPresentKeyword.groovy)
	at com.kms.katalon.core.webui.keyword.internal.WebUIKeywordMain.runKeyword(WebUIKeywordMain.groovy:20)
	at com.kms.katalon.core.webui.keyword.builtin.VerifyElementPresentKeyword.verifyElementPresent(VerifyElementPresentKeyword.groovy:92)
	at com.kms.katalon.core.webui.keyword.builtin.VerifyElementPresentKeyword.execute(VerifyElementPresentKeyword.groovy:68)
	at com.kms.katalon.core.keyword.internal.KeywordExecutor.executeKeywordForPlatform(KeywordExecutor.groovy:74)
	at com.kms.katalon.core.webui.keyword.WebUiBuiltInKeywords.verifyElementPresent(WebUiBuiltInKeywords.groovy:1448)
	at com.kms.katalon.core.webui.keyword.WebUiBuiltInKeywords$verifyElementPresent$5.call(Unknown Source)
	at 02 - Normal Laptop Shopping.run(02 - Normal Laptop Shopping:37)
	at com.kms.katalon.core.main.ScriptEngine.run(ScriptEngine.java:194)
	at com.kms.katalon.core.main.ScriptEngine.runScriptAsRawText(ScriptEngine.java:119)
	at com.kms.katalon.core.main.TestCaseExecutor.runScript(TestCaseExecutor.java:448)
	at com.kms.katalon.core.main.TestCaseExecutor.doExecute(TestCaseExecutor.java:439)
	at com.kms.katalon.core.main.TestCaseExecutor.processExecutionPhase(TestCaseExecutor.java:418)
	at com.kms.katalon.core.main.TestCaseExecutor.accessMainPhase(TestCaseExecutor.java:410)
	at com.kms.katalon.core.main.TestCaseExecutor.execute(TestCaseExecutor.java:285)
	at com.kms.katalon.core.common.CommonExecutor.accessTestCaseMainPhase(CommonExecutor.java:65)
	at com.kms.katalon.core.main.TestSuiteExecutor.accessTestSuiteMainPhase(TestSuiteExecutor.java:148)
	at com.kms.katalon.core.main.TestSuiteExecutor.execute(TestSuiteExecutor.java:106)
	at com.kms.katalon.core.main.TestCaseMain.startTestSuite(TestCaseMain.java:187)
	at com.kms.katalon.core.main.TestCaseMain$startTestSuite$0.call(Unknown Source)
	at TempTestSuite1695746721194.run(TempTestSuite1695746721194.groovy:36)
)

2023-09-26 23:46:54 - [MESSAGE][INFO] - Unable to find the element located by 'By.xpath: //a[(contains(text(), 'MacBook Pro') or contains(., 'MacBook Pro'))]'. Please recheck the objects properties to make sure the desired element is located. 

2023-09-26 23:46:55 - [MESSAGE][WARNING] - com.kms.katalon.core.webui.exception.WebElementNotFoundException: Web element with id: 'Object Repository/Shopping/select_product' located by '//a[(contains(text(), 'MacBook Pro') or contains(., 'MacBook Pro'))]' not found (Root cause: com.kms.katalon.core.exception.StepFailedException: com.kms.katalon.core.webui.exception.WebElementNotFoundException: Web element with id: 'Object Repository/Shopping/select_product' located by '//a[(contains(text(), 'MacBook Pro') or contains(., 'MacBook Pro'))]' not found
	at com.kms.katalon.core.webui.keyword.internal.WebUIKeywordMain.stepFailed(WebUIKeywordMain.groovy:64)
	at com.kms.katalon.core.webui.keyword.builtin.VerifyElementPresentKeyword$_verifyElementPresent_closure1.doCall(VerifyElementPresentKeyword.groovy:85)
	at com.kms.katalon.core.webui.keyword.builtin.VerifyElementPresentKeyword$_verifyElementPresent_closure1.call(VerifyElementPresentKeyword.groovy)
	at com.kms.katalon.core.webui.keyword.internal.WebUIKeywordMain.runKeyword(WebUIKeywordMain.groovy:20)
	at com.kms.katalon.core.webui.keyword.builtin.VerifyElementPresentKeyword.verifyElementPresent(VerifyElementPresentKeyword.groovy:92)
	at com.kms.katalon.core.webui.keyword.builtin.VerifyElementPresentKeyword.execute(VerifyElementPresentKeyword.groovy:68)
	at com.kms.katalon.core.keyword.internal.KeywordExecutor.executeKeywordForPlatform(KeywordExecutor.groovy:74)
	at com.kms.katalon.core.webui.keyword.WebUiBuiltInKeywords.verifyElementPresent(WebUiBuiltInKeywords.groovy:1448)
	at com.kms.katalon.core.webui.keyword.WebUiBuiltInKeywords$verifyElementPresent$5.call(Unknown Source)
	at 02 - Normal Laptop Shopping.run(02 - Normal Laptop Shopping:37)
	at com.kms.katalon.core.main.ScriptEngine.run(ScriptEngine.java:194)
	at com.kms.katalon.core.main.ScriptEngine.runScriptAsRawText(ScriptEngine.java:119)
	at com.kms.katalon.core.main.TestCaseExecutor.runScript(TestCaseExecutor.java:448)
	at com.kms.katalon.core.main.TestCaseExecutor.doExecute(TestCaseExecutor.java:439)
	at com.kms.katalon.core.main.TestCaseExecutor.processExecutionPhase(TestCaseExecutor.java:418)
	at com.kms.katalon.core.main.TestCaseExecutor.accessMainPhase(TestCaseExecutor.java:410)
	at com.kms.katalon.core.main.TestCaseExecutor.execute(TestCaseExecutor.java:285)
	at com.kms.katalon.core.common.CommonExecutor.accessTestCaseMainPhase(CommonExecutor.java:65)
	at com.kms.katalon.core.main.TestSuiteExecutor.accessTestSuiteMainPhase(TestSuiteExecutor.java:148)
	at com.kms.katalon.core.main.TestSuiteExecutor.execute(TestSuiteExecutor.java:106)
	at com.kms.katalon.core.main.TestCaseMain.startTestSuite(TestCaseMain.java:187)
	at com.kms.katalon.core.main.TestCaseMain$startTestSuite$0.call(Unknown Source)
	at TempTestSuite1695746721194.run(TempTestSuite1695746721194.groovy:36)
)
[[ATTACHMENT|C:\\Users\\ASUS\\git\\sanbercode-katalon-andhinyfatikha-1\\Reports\\20230926_234520\\Laptop Shopping\\20230926_234521\\1695746814845.png]]

2023-09-26 23:46:55 - [TEST_STEP][PASSED] - if (desiredProductFirstPage != null): null

2023-09-26 23:46:55 - [TEST_STEP][PASSED] - click(findTestObject("Shopping/category_Laptops")): Object: 'Object Repository/Shopping/category_Laptops' is clicked on

2023-09-26 23:46:55 - [MESSAGE][PASSED] - Object: 'Object Repository/Shopping/category_Laptops' is clicked on

2023-09-26 23:46:55 - [TEST_STEP][PASSED] - click(findTestObject("Shopping/select_product", ["product":laptopProduct])): Object: 'Object Repository/Shopping/select_product' is clicked on

2023-09-26 23:46:58 - [MESSAGE][PASSED] - Object: 'Object Repository/Shopping/select_product' is clicked on

2023-09-26 23:46:58 - [TEST_STEP][PASSED] - foundProduct = true: null

2023-09-26 23:46:58 - [TEST_STEP][PASSED] - if (foundProduct): Object: 'Object Repository/Shopping/a_Product Store' is clicked on

2023-09-26 23:46:58 - [TEST_STEP][PASSED] - click(findTestObject("Shopping/a_Add to cart")): Object: 'Object Repository/Shopping/a_Add to cart' is clicked on

2023-09-26 23:47:00 - [MESSAGE][PASSED] - Object: 'Object Repository/Shopping/a_Add to cart' is clicked on

2023-09-26 23:47:00 - [TEST_STEP][PASSED] - click(findTestObject("Shopping/a_Product Store")): Object: 'Object Repository/Shopping/a_Product Store' is clicked on

2023-09-26 23:47:01 - [MESSAGE][PASSED] - Object: 'Object Repository/Shopping/a_Product Store' is clicked on

2023-09-26 23:47:01 - [TEST_STEP][PASSED] - laptopProduct = data.getValue("laptop_product", i): null

2023-09-26 23:47:01 - [TEST_STEP][PASSED] - foundProduct = false: null

2023-09-26 23:47:01 - [TEST_STEP][PASSED] - desiredProductFirstPage = verifyElementPresent(findTestObject("Shopping/select_product", ["product":laptopProduct]), 5, OPTIONAL): com.kms.katalon.core.webui.exception.WebElementNotFoundException: Web element with id: 'Object Repository/Shopping/select_product' located by '//a[(contains(text(), 'Dell i7 8gb') or contains(., 'Dell i7 8gb'))]' not found (Root cause: com.kms.katalon.core.exception.StepFailedException: com.kms.katalon.core.webui.exception.WebElementNotFoundException: Web element with id: 'Object Repository/Shopping/select_product' located by '//a[(contains(text(), 'Dell i7 8gb') or contains(., 'Dell i7 8gb'))]' not found
	at com.kms.katalon.core.webui.keyword.internal.WebUIKeywordMain.stepFailed(WebUIKeywordMain.groovy:64)
	at com.kms.katalon.core.webui.keyword.builtin.VerifyElementPresentKeyword$_verifyElementPresent_closure1.doCall(VerifyElementPresentKeyword.groovy:85)
	at com.kms.katalon.core.webui.keyword.builtin.VerifyElementPresentKeyword$_verifyElementPresent_closure1.call(VerifyElementPresentKeyword.groovy)
	at com.kms.katalon.core.webui.keyword.internal.WebUIKeywordMain.runKeyword(WebUIKeywordMain.groovy:20)
	at com.kms.katalon.core.webui.keyword.builtin.VerifyElementPresentKeyword.verifyElementPresent(VerifyElementPresentKeyword.groovy:92)
	at com.kms.katalon.core.webui.keyword.builtin.VerifyElementPresentKeyword.execute(VerifyElementPresentKeyword.groovy:68)
	at com.kms.katalon.core.keyword.internal.KeywordExecutor.executeKeywordForPlatform(KeywordExecutor.groovy:74)
	at com.kms.katalon.core.webui.keyword.WebUiBuiltInKeywords.verifyElementPresent(WebUiBuiltInKeywords.groovy:1448)
	at com.kms.katalon.core.webui.keyword.WebUiBuiltInKeywords$verifyElementPresent$5.call(Unknown Source)
	at 02 - Normal Laptop Shopping.run(02 - Normal Laptop Shopping:37)
	at com.kms.katalon.core.main.ScriptEngine.run(ScriptEngine.java:194)
	at com.kms.katalon.core.main.ScriptEngine.runScriptAsRawText(ScriptEngine.java:119)
	at com.kms.katalon.core.main.TestCaseExecutor.runScript(TestCaseExecutor.java:448)
	at com.kms.katalon.core.main.TestCaseExecutor.doExecute(TestCaseExecutor.java:439)
	at com.kms.katalon.core.main.TestCaseExecutor.processExecutionPhase(TestCaseExecutor.java:418)
	at com.kms.katalon.core.main.TestCaseExecutor.accessMainPhase(TestCaseExecutor.java:410)
	at com.kms.katalon.core.main.TestCaseExecutor.execute(TestCaseExecutor.java:285)
	at com.kms.katalon.core.common.CommonExecutor.accessTestCaseMainPhase(CommonExecutor.java:65)
	at com.kms.katalon.core.main.TestSuiteExecutor.accessTestSuiteMainPhase(TestSuiteExecutor.java:148)
	at com.kms.katalon.core.main.TestSuiteExecutor.execute(TestSuiteExecutor.java:106)
	at com.kms.katalon.core.main.TestCaseMain.startTestSuite(TestCaseMain.java:187)
	at com.kms.katalon.core.main.TestCaseMain$startTestSuite$0.call(Unknown Source)
	at TempTestSuite1695746721194.run(TempTestSuite1695746721194.groovy:36)
)

2023-09-26 23:47:08 - [MESSAGE][INFO] - Unable to find the element located by 'By.xpath: //a[(contains(text(), 'Dell i7 8gb') or contains(., 'Dell i7 8gb'))]'. Please recheck the objects properties to make sure the desired element is located. 

2023-09-26 23:47:08 - [MESSAGE][WARNING] - com.kms.katalon.core.webui.exception.WebElementNotFoundException: Web element with id: 'Object Repository/Shopping/select_product' located by '//a[(contains(text(), 'Dell i7 8gb') or contains(., 'Dell i7 8gb'))]' not found (Root cause: com.kms.katalon.core.exception.StepFailedException: com.kms.katalon.core.webui.exception.WebElementNotFoundException: Web element with id: 'Object Repository/Shopping/select_product' located by '//a[(contains(text(), 'Dell i7 8gb') or contains(., 'Dell i7 8gb'))]' not found
	at com.kms.katalon.core.webui.keyword.internal.WebUIKeywordMain.stepFailed(WebUIKeywordMain.groovy:64)
	at com.kms.katalon.core.webui.keyword.builtin.VerifyElementPresentKeyword$_verifyElementPresent_closure1.doCall(VerifyElementPresentKeyword.groovy:85)
	at com.kms.katalon.core.webui.keyword.builtin.VerifyElementPresentKeyword$_verifyElementPresent_closure1.call(VerifyElementPresentKeyword.groovy)
	at com.kms.katalon.core.webui.keyword.internal.WebUIKeywordMain.runKeyword(WebUIKeywordMain.groovy:20)
	at com.kms.katalon.core.webui.keyword.builtin.VerifyElementPresentKeyword.verifyElementPresent(VerifyElementPresentKeyword.groovy:92)
	at com.kms.katalon.core.webui.keyword.builtin.VerifyElementPresentKeyword.execute(VerifyElementPresentKeyword.groovy:68)
	at com.kms.katalon.core.keyword.internal.KeywordExecutor.executeKeywordForPlatform(KeywordExecutor.groovy:74)
	at com.kms.katalon.core.webui.keyword.WebUiBuiltInKeywords.verifyElementPresent(WebUiBuiltInKeywords.groovy:1448)
	at com.kms.katalon.core.webui.keyword.WebUiBuiltInKeywords$verifyElementPresent$5.call(Unknown Source)
	at 02 - Normal Laptop Shopping.run(02 - Normal Laptop Shopping:37)
	at com.kms.katalon.core.main.ScriptEngine.run(ScriptEngine.java:194)
	at com.kms.katalon.core.main.ScriptEngine.runScriptAsRawText(ScriptEngine.java:119)
	at com.kms.katalon.core.main.TestCaseExecutor.runScript(TestCaseExecutor.java:448)
	at com.kms.katalon.core.main.TestCaseExecutor.doExecute(TestCaseExecutor.java:439)
	at com.kms.katalon.core.main.TestCaseExecutor.processExecutionPhase(TestCaseExecutor.java:418)
	at com.kms.katalon.core.main.TestCaseExecutor.accessMainPhase(TestCaseExecutor.java:410)
	at com.kms.katalon.core.main.TestCaseExecutor.execute(TestCaseExecutor.java:285)
	at com.kms.katalon.core.common.CommonExecutor.accessTestCaseMainPhase(CommonExecutor.java:65)
	at com.kms.katalon.core.main.TestSuiteExecutor.accessTestSuiteMainPhase(TestSuiteExecutor.java:148)
	at com.kms.katalon.core.main.TestSuiteExecutor.execute(TestSuiteExecutor.java:106)
	at com.kms.katalon.core.main.TestCaseMain.startTestSuite(TestCaseMain.java:187)
	at com.kms.katalon.core.main.TestCaseMain$startTestSuite$0.call(Unknown Source)
	at TempTestSuite1695746721194.run(TempTestSuite1695746721194.groovy:36)
)
[[ATTACHMENT|C:\\Users\\ASUS\\git\\sanbercode-katalon-andhinyfatikha-1\\Reports\\20230926_234520\\Laptop Shopping\\20230926_234521\\1695746828328.png]]

2023-09-26 23:47:08 - [TEST_STEP][PASSED] - if (desiredProductFirstPage != null): null

2023-09-26 23:47:08 - [TEST_STEP][PASSED] - click(findTestObject("Shopping/category_Laptops")): Object: 'Object Repository/Shopping/category_Laptops' is clicked on

2023-09-26 23:47:09 - [MESSAGE][PASSED] - Object: 'Object Repository/Shopping/category_Laptops' is clicked on

2023-09-26 23:47:09 - [TEST_STEP][PASSED] - click(findTestObject("Shopping/select_product", ["product":laptopProduct])): Object: 'Object Repository/Shopping/select_product' is clicked on

2023-09-26 23:47:11 - [MESSAGE][PASSED] - Object: 'Object Repository/Shopping/select_product' is clicked on

2023-09-26 23:47:11 - [TEST_STEP][PASSED] - foundProduct = true: null

2023-09-26 23:47:11 - [TEST_STEP][PASSED] - if (foundProduct): Object: 'Object Repository/Shopping/a_Product Store' is clicked on

2023-09-26 23:47:11 - [TEST_STEP][PASSED] - click(findTestObject("Shopping/a_Add to cart")): Object: 'Object Repository/Shopping/a_Add to cart' is clicked on

2023-09-26 23:47:12 - [MESSAGE][PASSED] - Object: 'Object Repository/Shopping/a_Add to cart' is clicked on

2023-09-26 23:47:12 - [TEST_STEP][PASSED] - click(findTestObject("Shopping/a_Product Store")): Object: 'Object Repository/Shopping/a_Product Store' is clicked on

2023-09-26 23:47:14 - [MESSAGE][PASSED] - Object: 'Object Repository/Shopping/a_Product Store' is clicked on]]></system-out>
         <system-err><![CDATA[]]></system-err>
      </testcase>
      <testcase name="Test Cases/03 - Shopping/04 - Purchase Order" time="14.352" classname="Test Cases/03 - Shopping/04 - Purchase Order" status="PASSED">
         <system-out><![CDATA[2023-09-26 23:47:14 - [TEST_CASE][PASSED] - Test Cases/03 - Shopping/04 - Purchase Order: Test Cases/03 - Shopping/04 - Purchase Order

2023-09-26 23:47:15 - [TEST_STEP][PASSED] - click(findTestObject("Shopping/a_Cart")): Object: 'Object Repository/Shopping/a_Cart' is clicked on

2023-09-26 23:47:17 - [MESSAGE][PASSED] - Object: 'Object Repository/Shopping/a_Cart' is clicked on

2023-09-26 23:47:17 - [TEST_STEP][PASSED] - verifyElementPresent(findTestObject("Shopping/h3_Total Price"), 0): Object 'Object Repository/Shopping/h3_Total Price' is present

2023-09-26 23:47:17 - [MESSAGE][WARNING] - Timeout '0' is invalid. Using default page load timeout: '10'

2023-09-26 23:47:19 - [MESSAGE][PASSED] - Object 'Object Repository/Shopping/h3_Total Price' is present

2023-09-26 23:47:19 - [TEST_STEP][PASSED] - click(findTestObject("Shopping/button_Place Order")): Object: 'Object Repository/Shopping/button_Place Order' is clicked on

2023-09-26 23:47:19 - [MESSAGE][PASSED] - Object: 'Object Repository/Shopping/button_Place Order' is clicked on

2023-09-26 23:47:19 - [TEST_STEP][PASSED] - setText(findTestObject("Shopping/input_Name"), "Miyako"): Text 'Miyako' is set on object 'Object Repository/Shopping/input_Name'

2023-09-26 23:47:20 - [MESSAGE][PASSED] - Text 'Miyako' is set on object 'Object Repository/Shopping/input_Name'

2023-09-26 23:47:20 - [TEST_STEP][PASSED] - setText(findTestObject("Shopping/input_Country"), "Indonesia"): Text 'Indonesia' is set on object 'Object Repository/Shopping/input_Country'

2023-09-26 23:47:21 - [MESSAGE][PASSED] - Text 'Indonesia' is set on object 'Object Repository/Shopping/input_Country'

2023-09-26 23:47:21 - [TEST_STEP][PASSED] - setText(findTestObject("Shopping/input_City"), "Jakarta"): Text 'Jakarta' is set on object 'Object Repository/Shopping/input_City'

2023-09-26 23:47:22 - [MESSAGE][PASSED] - Text 'Jakarta' is set on object 'Object Repository/Shopping/input_City'

2023-09-26 23:47:22 - [TEST_STEP][PASSED] - randomCreditCard = generateRandomString(15): null

2023-09-26 23:47:22 - [TEST_STEP][PASSED] - chars = "0123456789".toCharArray(): null

2023-09-26 23:47:22 - [TEST_STEP][PASSED] - random = new java.util.Random(): null

2023-09-26 23:47:22 - [TEST_STEP][PASSED] - sb = new java.lang.StringBuilder(): null

2023-09-26 23:47:22 - [TEST_STEP][PASSED] - (length - 1)).each({ -> ... }): null

2023-09-26 23:47:22 - [TEST_STEP][PASSED] - return sb.toString(): null

2023-09-26 23:47:22 - [TEST_STEP][PASSED] - setText(findTestObject("Shopping/input_Credit Card"), randomCreditCard): Text '481976062814223' is set on object 'Object Repository/Shopping/input_Credit Card'

2023-09-26 23:47:23 - [MESSAGE][PASSED] - Text '481976062814223' is set on object 'Object Repository/Shopping/input_Credit Card'

2023-09-26 23:47:23 - [TEST_STEP][PASSED] - setText(findTestObject("Shopping/input_Month"), "September"): Text 'September' is set on object 'Object Repository/Shopping/input_Month'

2023-09-26 23:47:24 - [MESSAGE][PASSED] - Text 'September' is set on object 'Object Repository/Shopping/input_Month'

2023-09-26 23:47:24 - [TEST_STEP][PASSED] - setText(findTestObject("Shopping/input_Year"), "2023"): Text '2023' is set on object 'Object Repository/Shopping/input_Year'

2023-09-26 23:47:25 - [MESSAGE][PASSED] - Text '2023' is set on object 'Object Repository/Shopping/input_Year'

2023-09-26 23:47:25 - [TEST_STEP][PASSED] - click(findTestObject("Shopping/button_Purchase")): Object: 'Object Repository/Shopping/button_Purchase' is clicked on

2023-09-26 23:47:25 - [MESSAGE][PASSED] - Object: 'Object Repository/Shopping/button_Purchase' is clicked on

2023-09-26 23:47:25 - [TEST_STEP][PASSED] - verifyElementVisible(findTestObject("Shopping/h2_Thank you for your purchase")): Object 'Object Repository/Shopping/h2_Thank you for your purchase' is visible

2023-09-26 23:47:27 - [MESSAGE][PASSED] - Object 'Object Repository/Shopping/h2_Thank you for your purchase' is visible

2023-09-26 23:47:27 - [TEST_STEP][PASSED] - verifyElementPresent(findTestObject("Shopping/h2_Thank you for your purchase"), 0): Object 'Object Repository/Shopping/h2_Thank you for your purchase' is present

2023-09-26 23:47:27 - [MESSAGE][WARNING] - Timeout '0' is invalid. Using default page load timeout: '10'

2023-09-26 23:47:27 - [MESSAGE][PASSED] - Object 'Object Repository/Shopping/h2_Thank you for your purchase' is present

2023-09-26 23:47:27 - [TEST_STEP][PASSED] - click(findTestObject("Shopping/button_OK")): Object: 'Object Repository/Shopping/button_OK' is clicked on

2023-09-26 23:47:28 - [MESSAGE][PASSED] - Object: 'Object Repository/Shopping/button_OK' is clicked on

2023-09-26 23:47:28 - [TEST_STEP][PASSED] - navigateToUrl(demoBlazeURL): Navigate to 'https://demoblaze.com/' successfully

2023-09-26 23:47:29 - [MESSAGE][PASSED] - Navigate to 'https://demoblaze.com/' successfully]]></system-out>
         <system-err><![CDATA[]]></system-err>
      </testcase>
      <system-out><![CDATA[2023-09-26 23:45:30 - [TEST_SUITE][PASSED] - Laptop Shopping: Test Cases/03 - Shopping/04 - Purchase Order]]></system-out>
      <system-err><![CDATA[]]></system-err>
   </testsuite>
</testsuites>
